<?xml version="1.0" encoding="UTF-8"?>
<!-- Generated by org.testng.reporters.JUnitXMLReporter -->
<testsuite ignored="32" hostname="DESKTOP-GBMU59R" failures="1" tests="1" name="Default test" time="11.041" errors="0" timestamp="2024-05-23T22:16:37 IST">
  <testcase classname="seleniumbasiccommands.SeleniumCommands" name="verifyFileUpload" time="6.475">
    <failure type="java.lang.AssertionError" message="File uploading failed expected [1 file has been successfully uploaded.] but found []">
      <![CDATA[java.lang.AssertionError: File uploading failed expected [1 file has been successfully uploaded.] but found []
at org.testng.Assert.fail(Assert.java:111)
at org.testng.Assert.failNotEquals(Assert.java:1578)
at org.testng.Assert.assertEqualsImpl(Assert.java:150)
at org.testng.Assert.assertEquals(Assert.java:132)
at org.testng.Assert.assertEquals(Assert.java:656)
at seleniumbasiccommands.SeleniumCommands.verifyFileUpload(SeleniumCommands.java:388)
at java.base/jdk.internal.reflect.NativeMethodAccessorImpl.invoke0(Native Method)
at java.base/jdk.internal.reflect.NativeMethodAccessorImpl.invoke(NativeMethodAccessorImpl.java:77)
at java.base/jdk.internal.reflect.DelegatingMethodAccessorImpl.invoke(DelegatingMethodAccessorImpl.java:43)
at java.base/java.lang.reflect.Method.invoke(Method.java:568)
at org.testng.internal.invokers.MethodInvocationHelper.invokeMethod(MethodInvocationHelper.java:139)
at org.testng.internal.invokers.TestInvoker.invokeMethod(TestInvoker.java:664)
at org.testng.internal.invokers.TestInvoker.invokeTestMethod(TestInvoker.java:228)
at org.testng.internal.invokers.MethodRunner.runInSequence(MethodRunner.java:63)
at org.testng.internal.invokers.TestInvoker$MethodInvocationAgent.invoke(TestInvoker.java:961)
at org.testng.internal.invokers.TestInvoker.invokeTestMethods(TestInvoker.java:201)
at org.testng.internal.invokers.TestMethodWorker.invokeTestMethods(TestMethodWorker.java:148)
at org.testng.internal.invokers.TestMethodWorker.run(TestMethodWorker.java:128)
at java.base/java.util.ArrayList.forEach(ArrayList.java:1511)
at org.testng.TestRunner.privateRun(TestRunner.java:819)
at org.testng.TestRunner.run(TestRunner.java:619)
at org.testng.SuiteRunner.runTest(SuiteRunner.java:443)
at org.testng.SuiteRunner.runSequentially(SuiteRunner.java:437)
at org.testng.SuiteRunner.privateRun(SuiteRunner.java:397)
at org.testng.SuiteRunner.run(SuiteRunner.java:336)
at org.testng.SuiteRunnerWorker.runSuite(SuiteRunnerWorker.java:52)
at org.testng.SuiteRunnerWorker.run(SuiteRunnerWorker.java:95)
at org.testng.TestNG.runSuitesSequentially(TestNG.java:1301)
at org.testng.TestNG.runSuitesLocally(TestNG.java:1228)
at org.testng.TestNG.runSuites(TestNG.java:1134)
at org.testng.TestNG.run(TestNG.java:1101)
at org.testng.remote.AbstractRemoteTestNG.run(AbstractRemoteTestNG.java:115)
at org.testng.remote.RemoteTestNG.initAndRun(RemoteTestNG.java:251)
at org.testng.remote.RemoteTestNG.main(RemoteTestNG.java:77)
]]>
    </failure>
  </testcase> <!-- verifyFileUpload -->
  <testcase classname="seleniumbasiccommands.SeleniumCommands" name="verifyPromptAlert" time="0.0">
    <ignored/>
  </testcase> <!-- verifyPromptAlert -->
  <testcase classname="seleniumbasiccommands.SeleniumCommands" name="verifyFrames" time="0.0">
    <ignored/>
  </testcase> <!-- verifyFrames -->
  <testcase classname="seleniumbasiccommands.SeleniumCommands" name="validateRadiobuttonIsSelected" time="0.0">
    <ignored/>
  </testcase> <!-- validateRadiobuttonIsSelected -->
  <testcase classname="seleniumbasiccommands.SeleniumCommands" name="assignmentVerifyFrames" time="0.0">
    <ignored/>
  </testcase> <!-- assignmentVerifyFrames -->
  <testcase classname="seleniumbasiccommands.SeleniumCommands" name="verifyVerticalScroll" time="0.0">
    <ignored/>
  </testcase> <!-- verifyVerticalScroll -->
  <testcase classname="seleniumbasiccommands.SeleniumCommands" name="assignmentDropDown" time="0.0">
    <ignored/>
  </testcase> <!-- assignmentDropDown -->
  <testcase classname="seleniumbasiccommands.SeleniumCommands" name="assignmentDynamicTables" time="0.0">
    <ignored/>
  </testcase> <!-- assignmentDynamicTables -->
  <testcase classname="seleniumbasiccommands.SeleniumCommands" name="verifySimpleAlert" time="0.0">
    <ignored/>
  </testcase> <!-- verifySimpleAlert -->
  <testcase classname="seleniumbasiccommands.SeleniumCommands" name="verifyDynamicTables" time="0.0">
    <ignored/>
  </testcase> <!-- verifyDynamicTables -->
  <testcase classname="seleniumbasiccommands.SeleniumCommands" name="verifyFluentWait" time="0.0">
    <ignored/>
  </testcase> <!-- verifyFluentWait -->
  <testcase classname="seleniumbasiccommands.SeleniumCommands" name="validateDemoWebShopLogin" time="0.0">
    <ignored/>
  </testcase> <!-- validateDemoWebShopLogin -->
  <testcase classname="seleniumbasiccommands.SeleniumCommands" name="verifyDragAndDropAxis" time="0.0">
    <ignored/>
  </testcase> <!-- verifyDragAndDropAxis -->
  <testcase classname="seleniumbasiccommands.SeleniumCommands" name="verifyScreenShot" time="0.0">
    <ignored/>
  </testcase> <!-- verifyScreenShot -->
  <testcase classname="seleniumbasiccommands.SeleniumCommands" name="verifyRightClick" time="0.0">
    <ignored/>
  </testcase> <!-- verifyRightClick -->
  <testcase classname="seleniumbasiccommands.SeleniumCommands" name="verifyDragAndDrop" time="0.0">
    <ignored/>
  </testcase> <!-- verifyDragAndDrop -->
  <testcase classname="seleniumbasiccommands.SeleniumCommands" name="verifyDoubleClick" time="0.0">
    <ignored/>
  </testcase> <!-- verifyDoubleClick -->
  <testcase classname="seleniumbasiccommands.SeleniumCommands" name="verifyrRegistrationMercuryTours" time="0.0">
    <ignored/>
  </testcase> <!-- verifyrRegistrationMercuryTours -->
  <testcase classname="seleniumbasiccommands.SeleniumCommands" name="verifyJavaScriptSendkeysAndClick" time="0.0">
    <ignored/>
  </testcase> <!-- verifyJavaScriptSendkeysAndClick -->
  <testcase classname="seleniumbasiccommands.SeleniumCommands" name="verifyImplicitWait" time="0.0">
    <ignored/>
  </testcase> <!-- verifyImplicitWait -->
  <testcase classname="seleniumbasiccommands.SeleniumCommands" name="assignmentVerifyJavaScriptLogin" time="0.0">
    <ignored/>
  </testcase> <!-- assignmentVerifyJavaScriptLogin -->
  <testcase classname="seleniumbasiccommands.SeleniumCommands" name="assignmentRightClick" time="0.0">
    <ignored/>
  </testcase> <!-- assignmentRightClick -->
  <testcase classname="seleniumbasiccommands.SeleniumCommands" name="validateButtonIsEnabled" time="0.0">
    <ignored/>
  </testcase> <!-- validateButtonIsEnabled -->
  <testcase classname="seleniumbasiccommands.SeleniumCommands" name="assignmentVerifyVerticalScrollbars" time="0.0">
    <ignored/>
  </testcase> <!-- assignmentVerifyVerticalScrollbars -->
  <testcase classname="seleniumbasiccommands.SeleniumCommands" name="assignmentVerifyMultipleWindows" time="0.0">
    <ignored/>
  </testcase> <!-- assignmentVerifyMultipleWindows -->
  <testcase classname="seleniumbasiccommands.SeleniumCommands" name="verifyDemowebshopRegistration" time="0.0">
    <ignored/>
  </testcase> <!-- verifyDemowebshopRegistration -->
  <testcase classname="seleniumbasiccommands.SeleniumCommands" name="assignmentDoubleClick" time="0.0">
    <ignored/>
  </testcase> <!-- assignmentDoubleClick -->
  <testcase classname="seleniumbasiccommands.SeleniumCommands" name="verifyExplicitWait" time="0.0">
    <ignored/>
  </testcase> <!-- verifyExplicitWait -->
  <testcase classname="seleniumbasiccommands.SeleniumCommands" name="verifyMouseHover" time="0.0">
    <ignored/>
  </testcase> <!-- verifyMouseHover -->
  <testcase classname="seleniumbasiccommands.SeleniumCommands" name="verifyConfirmationAlert" time="0.0">
    <ignored/>
  </testcase> <!-- verifyConfirmationAlert -->
  <testcase classname="seleniumbasiccommands.SeleniumCommands" name="assignmentDragAndDrop" time="0.0">
    <ignored/>
  </testcase> <!-- assignmentDragAndDrop -->
  <testcase classname="seleniumbasiccommands.SeleniumCommands" name="verifyMultipleWindowHandles" time="0.0">
    <ignored/>
  </testcase> <!-- verifyMultipleWindowHandles -->
  <testcase classname="seleniumbasiccommands.SeleniumCommands" name="validateButtonIsDisplayed" time="0.0">
    <ignored/>
  </testcase> <!-- validateButtonIsDisplayed -->
</testsuite> <!-- Default test -->
